{"C:\\Users\\dheer\\OneDrive\\Desktop\\HCS\\integrationTool\\src\\models\\email.js": {"path":"C:\\Users\\dheer\\OneDrive\\Desktop\\HCS\\integrationTool\\src\\models\\email.js","statementMap":{"0":{"start":{"line":3,"column":15},"end":{"line":3,"column":30}},"1":{"start":{"line":7,"column":20},"end":{"line":19,"column":2}},"2":{"start":{"line":21,"column":19},"end":{"line":21,"column":56}}},"fnMap":{},"branchMap":{},"s":{"0":1,"1":1,"2":1},"f":{},"b":{},"_coverageSchema":"1a1c01bbd47fc00a2c39e90264f33305004495a9","hash":"450677a44af4cc02033d6ceb2bf1ec10f8e6bdbe"}
,"C:\\Users\\dheer\\OneDrive\\Desktop\\HCS\\integrationTool\\src\\models\\patient.js": {"path":"C:\\Users\\dheer\\OneDrive\\Desktop\\HCS\\integrationTool\\src\\models\\patient.js","statementMap":{"0":{"start":{"line":3,"column":15},"end":{"line":3,"column":30}},"1":{"start":{"line":11,"column":22},"end":{"line":29,"column":2}},"2":{"start":{"line":31,"column":16},"end":{"line":31,"column":56}}},"fnMap":{},"branchMap":{},"s":{"0":1,"1":1,"2":1},"f":{},"b":{},"_coverageSchema":"1a1c01bbd47fc00a2c39e90264f33305004495a9","hash":"408472464330159c7c319bb8ecb7e7927bd06357"}
}
